==============================
 Running with Decay parameter: 0 
==============================
2.8.0+cu126
Start Training......
2025-09-05 15:20:09,280 INFO     Model: RotatE
2025-09-05 15:20:09,280 INFO     Data Path: data/FB15k-237
2025-09-05 15:20:09,280 INFO     #entity: 14541
2025-09-05 15:20:09,280 INFO     #relation: 237
2025-09-05 15:20:09,504 INFO     #train: 272115
2025-09-05 15:20:09,520 INFO     #valid: 17535
2025-09-05 15:20:09,536 INFO     #test: 20466
2025-09-05 15:20:09,750 INFO     Model Parameter Configuration:
2025-09-05 15:20:09,750 INFO     Parameter gamma: torch.Size([1]), require_grad = False
2025-09-05 15:20:09,750 INFO     Parameter embedding_range: torch.Size([1]), require_grad = False
2025-09-05 15:20:09,750 INFO     Parameter entity_embedding: torch.Size([14541, 2000]), require_grad = True
2025-09-05 15:20:09,751 INFO     Parameter relation_embedding: torch.Size([237, 1000]), require_grad = True
/usr/local/lib/python3.12/dist-packages/torch/utils/data/dataloader.py:627: UserWarning: This DataLoader will create 5 worker processes in total. Our suggested max number of worker in current system is 2, which is smaller than what this DataLoader is going to create. Please be aware that excessive worker creation might get DataLoader running slow or even freeze, lower the worker number to avoid potential slowness/freeze if necessary.
  warnings.warn(
2025-09-05 15:20:12,641 INFO     Ramdomly Initializing RotatE Model...
2025-09-05 15:20:12,641 INFO     Start Training...
2025-09-05 15:20:12,642 INFO     init_step = 0
2025-09-05 15:20:12,642 INFO     batch_size = 1024
2025-09-05 15:20:12,642 INFO     negative_adversarial_sampling = True
2025-09-05 15:20:12,642 INFO     hidden_dim = 1000
2025-09-05 15:20:12,642 INFO     gamma = 9.000000
2025-09-05 15:20:12,642 INFO     initial_adversarial_temperature = 1.000000
2025-09-05 15:20:12,642 INFO     decay_rate = 0.000000
2025-09-05 15:20:12,642 INFO     learning_rate = 0
/usr/local/lib/python3.12/dist-packages/torch/utils/data/dataloader.py:627: UserWarning: This DataLoader will create 5 worker processes in total. Our suggested max number of worker in current system is 2, which is smaller than what this DataLoader is going to create. Please be aware that excessive worker creation might get DataLoader running slow or even freeze, lower the worker number to avoid potential slowness/freeze if necessary.
  warnings.warn(
2025-09-05 15:20:15,841 INFO     Training average positive_sample_loss at step 0: 2.552256
2025-09-05 15:20:15,842 INFO     Training average negative_sample_loss at step 0: 0.083423
2025-09-05 15:20:15,842 INFO     Training average loss at step 0: 1.317840
2025-09-05 15:20:15,842 INFO     Training average current_temperature at step 0: 1.000000
2025-09-05 15:20:15,842 INFO     Evaluating on Valid Dataset...
2025-09-05 15:20:16,993 INFO     Evaluating the model... (0/2192)
2025-09-05 15:22:30,340 INFO     Evaluating the model... (1000/2192)
2025-09-05 15:24:41,659 INFO     Evaluating the model... (2000/2192)
2025-09-05 15:25:07,610 INFO     Valid MRR at step 0: 0.005682
2025-09-05 15:25:07,610 INFO     Valid MR at step 0: 6793.796721
2025-09-05 15:25:07,610 INFO     Valid HITS@1 at step 0: 0.004733
2025-09-05 15:25:07,610 INFO     Valid HITS@3 at step 0: 0.005361
2025-09-05 15:25:07,610 INFO     Valid HITS@10 at step 0: 0.005988
2025-09-05 15:25:35,210 INFO     Training average positive_sample_loss at step 100: 2.092814
2025-09-05 15:25:35,211 INFO     Training average negative_sample_loss at step 100: 0.161818
2025-09-05 15:25:35,211 INFO     Training average loss at step 100: 1.127316
2025-09-05 15:25:35,211 INFO     Training average current_temperature at step 100: 1.000000
2025-09-05 15:26:01,840 INFO     Training average positive_sample_loss at step 200: 1.168118
2025-09-05 15:26:01,840 INFO     Training average negative_sample_loss at step 200: 0.432336
2025-09-05 15:26:01,840 INFO     Training average loss at step 200: 0.800227
2025-09-05 15:26:01,840 INFO     Training average current_temperature at step 200: 1.000000
2025-09-05 15:26:28,043 INFO     Training average positive_sample_loss at step 300: 0.857459
2025-09-05 15:26:28,050 INFO     Training average negative_sample_loss at step 300: 0.558536
2025-09-05 15:26:28,050 INFO     Training average loss at step 300: 0.707997
2025-09-05 15:26:28,050 INFO     Training average current_temperature at step 300: 1.000000
2025-09-05 15:26:54,217 INFO     Training average positive_sample_loss at step 400: 0.742093
2025-09-05 15:26:54,217 INFO     Training average negative_sample_loss at step 400: 0.594801
2025-09-05 15:26:54,217 INFO     Training average loss at step 400: 0.668447
2025-09-05 15:26:54,218 INFO     Training average current_temperature at step 400: 1.000000
2025-09-05 15:27:20,235 INFO     Training average positive_sample_loss at step 500: 0.683947
2025-09-05 15:27:20,236 INFO     Training average negative_sample_loss at step 500: 0.601947
2025-09-05 15:27:20,236 INFO     Training average loss at step 500: 0.642947
2025-09-05 15:27:20,236 INFO     Training average current_temperature at step 500: 1.000000
2025-09-05 15:27:49,577 INFO     Training average positive_sample_loss at step 600: 0.600117
2025-09-05 15:27:49,578 INFO     Training average negative_sample_loss at step 600: 0.585655
2025-09-05 15:27:49,578 INFO     Training average loss at step 600: 0.592886
2025-09-05 15:27:49,578 INFO     Training average current_temperature at step 600: 1.000000
2025-09-05 15:28:15,803 INFO     Training average positive_sample_loss at step 700: 0.582776
2025-09-05 15:28:15,803 INFO     Training average negative_sample_loss at step 700: 0.550794
2025-09-05 15:28:15,803 INFO     Training average loss at step 700: 0.566785
2025-09-05 15:28:15,803 INFO     Training average current_temperature at step 700: 1.000000
2025-09-05 15:28:42,528 INFO     Training average positive_sample_loss at step 800: 0.573328
2025-09-05 15:28:42,528 INFO     Training average negative_sample_loss at step 800: 0.536238
2025-09-05 15:28:42,528 INFO     Training average loss at step 800: 0.554783
2025-09-05 15:28:42,528 INFO     Training average current_temperature at step 800: 1.000000
2025-09-05 15:29:08,589 INFO     Training average positive_sample_loss at step 900: 0.558600
2025-09-05 15:29:08,589 INFO     Training average negative_sample_loss at step 900: 0.520824
2025-09-05 15:29:08,589 INFO     Training average loss at step 900: 0.539712
2025-09-05 15:29:08,589 INFO     Training average current_temperature at step 900: 1.000000
2025-09-05 15:29:34,686 INFO     Training average positive_sample_loss at step 1000: 0.545152
2025-09-05 15:29:34,686 INFO     Training average negative_sample_loss at step 1000: 0.504719
2025-09-05 15:29:34,687 INFO     Training average loss at step 1000: 0.524936
2025-09-05 15:29:34,687 INFO     Training average current_temperature at step 1000: 1.000000
2025-09-05 15:30:03,628 INFO     Training average positive_sample_loss at step 1100: 0.505138
2025-09-05 15:30:03,628 INFO     Training average negative_sample_loss at step 1100: 0.484119
2025-09-05 15:30:03,628 INFO     Training average loss at step 1100: 0.494629
2025-09-05 15:30:03,629 INFO     Training average current_temperature at step 1100: 1.000000
2025-09-05 15:30:29,761 INFO     Training average positive_sample_loss at step 1200: 0.476789
2025-09-05 15:30:29,761 INFO     Training average negative_sample_loss at step 1200: 0.445655
2025-09-05 15:30:29,761 INFO     Training average loss at step 1200: 0.461222
2025-09-05 15:30:29,761 INFO     Training average current_temperature at step 1200: 1.000000
2025-09-05 15:30:56,389 INFO     Training average positive_sample_loss at step 1300: 0.475439
2025-09-05 15:30:56,389 INFO     Training average negative_sample_loss at step 1300: 0.426780
2025-09-05 15:30:56,389 INFO     Training average loss at step 1300: 0.451109
2025-09-05 15:30:56,389 INFO     Training average current_temperature at step 1300: 1.000000
2025-09-05 15:31:22,439 INFO     Training average positive_sample_loss at step 1400: 0.465303
2025-09-05 15:31:22,439 INFO     Training average negative_sample_loss at step 1400: 0.413988
2025-09-05 15:31:22,439 INFO     Training average loss at step 1400: 0.439645
2025-09-05 15:31:22,439 INFO     Training average current_temperature at step 1400: 1.000000
2025-09-05 15:31:48,561 INFO     Training average positive_sample_loss at step 1500: 0.454318
2025-09-05 15:31:48,561 INFO     Training average negative_sample_loss at step 1500: 0.400550
2025-09-05 15:31:48,561 INFO     Training average loss at step 1500: 0.427434
2025-09-05 15:31:48,561 INFO     Training average current_temperature at step 1500: 1.000000
2025-09-05 15:32:16,969 INFO     Training average positive_sample_loss at step 1600: 0.438806
2025-09-05 15:32:16,980 INFO     Training average negative_sample_loss at step 1600: 0.387427
2025-09-05 15:32:16,980 INFO     Training average loss at step 1600: 0.413117
2025-09-05 15:32:16,980 INFO     Training average current_temperature at step 1600: 1.000000
2025-09-05 15:32:43,345 INFO     Training average positive_sample_loss at step 1700: 0.392739
2025-09-05 15:32:43,345 INFO     Training average negative_sample_loss at step 1700: 0.360524
2025-09-05 15:32:43,345 INFO     Training average loss at step 1700: 0.376632
2025-09-05 15:32:43,345 INFO     Training average current_temperature at step 1700: 1.000000
2025-09-05 15:33:09,931 INFO     Training average positive_sample_loss at step 1800: 0.397625
2025-09-05 15:33:09,931 INFO     Training average negative_sample_loss at step 1800: 0.341821
2025-09-05 15:33:09,931 INFO     Training average loss at step 1800: 0.369723
2025-09-05 15:33:09,931 INFO     Training average current_temperature at step 1800: 1.000000
2025-09-05 15:33:35,982 INFO     Training average positive_sample_loss at step 1900: 0.390517
2025-09-05 15:33:35,983 INFO     Training average negative_sample_loss at step 1900: 0.332868
2025-09-05 15:33:35,983 INFO     Training average loss at step 1900: 0.361693
2025-09-05 15:33:35,983 INFO     Training average current_temperature at step 1900: 1.000000
2025-09-05 15:34:01,971 INFO     Training average positive_sample_loss at step 2000: 0.381781
2025-09-05 15:34:01,971 INFO     Training average negative_sample_loss at step 2000: 0.324670
2025-09-05 15:34:01,971 INFO     Training average loss at step 2000: 0.353226
2025-09-05 15:34:01,971 INFO     Training average current_temperature at step 2000: 1.000000
2025-09-05 15:34:28,017 INFO     Training average positive_sample_loss at step 2100: 0.372018
2025-09-05 15:34:28,017 INFO     Training average negative_sample_loss at step 2100: 0.315912
2025-09-05 15:34:28,017 INFO     Training average loss at step 2100: 0.343965
2025-09-05 15:34:28,017 INFO     Training average current_temperature at step 2100: 1.000000
2025-09-05 15:34:56,584 INFO     Training average positive_sample_loss at step 2200: 0.337024
2025-09-05 15:34:56,596 INFO     Training average negative_sample_loss at step 2200: 0.300794
2025-09-05 15:34:56,596 INFO     Training average loss at step 2200: 0.318909
2025-09-05 15:34:56,596 INFO     Training average current_temperature at step 2200: 1.000000
2025-09-05 15:35:22,753 INFO     Training average positive_sample_loss at step 2300: 0.334089
2025-09-05 15:35:22,753 INFO     Training average negative_sample_loss at step 2300: 0.283687
2025-09-05 15:35:22,753 INFO     Training average loss at step 2300: 0.308888
2025-09-05 15:35:22,753 INFO     Training average current_temperature at step 2300: 1.000000
2025-09-05 15:35:49,403 INFO     Training average positive_sample_loss at step 2400: 0.330860
2025-09-05 15:35:49,409 INFO     Training average negative_sample_loss at step 2400: 0.277776
2025-09-05 15:35:49,409 INFO     Training average loss at step 2400: 0.304318
2025-09-05 15:35:49,409 INFO     Training average current_temperature at step 2400: 1.000000
2025-09-05 15:36:15,415 INFO     Change learning_rate to 0.000005 at step 2500
2025-09-05 15:36:15,416 INFO     Training average positive_sample_loss at step 2500: 0.324477
2025-09-05 15:36:15,417 INFO     Training average negative_sample_loss at step 2500: 0.272484
2025-09-05 15:36:15,418 INFO     Training average loss at step 2500: 0.298480
2025-09-05 15:36:15,418 INFO     Training average current_temperature at step 2500: 1.000000
2025-09-05 15:36:41,434 INFO     Training average positive_sample_loss at step 2600: 0.331685
2025-09-05 15:36:41,435 INFO     Training average negative_sample_loss at step 2600: 0.261153
2025-09-05 15:36:41,440 INFO     Training average loss at step 2600: 0.296419
2025-09-05 15:36:41,440 INFO     Training average current_temperature at step 2600: 1.000000
2025-09-05 15:37:10,216 INFO     Training average positive_sample_loss at step 2700: 0.318355
2025-09-05 15:37:10,216 INFO     Training average negative_sample_loss at step 2700: 0.259695
2025-09-05 15:37:10,216 INFO     Training average loss at step 2700: 0.289025
2025-09-05 15:37:10,216 INFO     Training average current_temperature at step 2700: 1.000000
2025-09-05 15:37:36,322 INFO     Training average positive_sample_loss at step 2800: 0.297756
2025-09-05 15:37:36,322 INFO     Training average negative_sample_loss at step 2800: 0.257604
2025-09-05 15:37:36,322 INFO     Training average loss at step 2800: 0.277680
2025-09-05 15:37:36,322 INFO     Training average current_temperature at step 2800: 1.000000
2025-09-05 15:38:02,863 INFO     Training average positive_sample_loss at step 2900: 0.299501
2025-09-05 15:38:02,863 INFO     Training average negative_sample_loss at step 2900: 0.254768
2025-09-05 15:38:02,863 INFO     Training average loss at step 2900: 0.277135
2025-09-05 15:38:02,863 INFO     Training average current_temperature at step 2900: 1.000000
2025-09-05 15:38:28,864 INFO     Training average positive_sample_loss at step 3000: 0.299563
2025-09-05 15:38:28,864 INFO     Training average negative_sample_loss at step 3000: 0.253540
2025-09-05 15:38:28,864 INFO     Training average loss at step 3000: 0.276551
2025-09-05 15:38:28,864 INFO     Training average current_temperature at step 3000: 1.000000
2025-09-05 15:38:54,940 INFO     Training average positive_sample_loss at step 3100: 0.299549
2025-09-05 15:38:54,940 INFO     Training average negative_sample_loss at step 3100: 0.251991
2025-09-05 15:38:54,940 INFO     Training average loss at step 3100: 0.275770
2025-09-05 15:38:54,940 INFO     Training average current_temperature at step 3100: 1.000000
2025-09-05 15:39:23,455 INFO     Training average positive_sample_loss at step 3200: 0.297723
2025-09-05 15:39:23,456 INFO     Training average negative_sample_loss at step 3200: 0.251059
2025-09-05 15:39:23,456 INFO     Training average loss at step 3200: 0.274391
2025-09-05 15:39:23,456 INFO     Training average current_temperature at step 3200: 1.000000
2025-09-05 15:39:49,633 INFO     Training average positive_sample_loss at step 3300: 0.290916
2025-09-05 15:39:49,633 INFO     Training average negative_sample_loss at step 3300: 0.250190
2025-09-05 15:39:49,633 INFO     Training average loss at step 3300: 0.270553
2025-09-05 15:39:49,633 INFO     Training average current_temperature at step 3300: 1.000000
2025-09-05 15:40:16,142 INFO     Training average positive_sample_loss at step 3400: 0.292687
2025-09-05 15:40:16,142 INFO     Training average negative_sample_loss at step 3400: 0.248496
2025-09-05 15:40:16,142 INFO     Training average loss at step 3400: 0.270592
2025-09-05 15:40:16,142 INFO     Training average current_temperature at step 3400: 1.000000
2025-09-05 15:40:42,175 INFO     Training average positive_sample_loss at step 3500: 0.291609
2025-09-05 15:40:42,176 INFO     Training average negative_sample_loss at step 3500: 0.248071
2025-09-05 15:40:42,176 INFO     Training average loss at step 3500: 0.269840
2025-09-05 15:40:42,176 INFO     Training average current_temperature at step 3500: 1.000000
2025-09-05 15:41:08,146 INFO     Training average positive_sample_loss at step 3600: 0.292112
2025-09-05 15:41:08,146 INFO     Training average negative_sample_loss at step 3600: 0.246989
2025-09-05 15:41:08,146 INFO     Training average loss at step 3600: 0.269550
2025-09-05 15:41:08,146 INFO     Training average current_temperature at step 3600: 1.000000
2025-09-05 15:41:34,202 INFO     Training average positive_sample_loss at step 3700: 0.292057
2025-09-05 15:41:34,202 INFO     Training average negative_sample_loss at step 3700: 0.247438
2025-09-05 15:41:34,202 INFO     Training average loss at step 3700: 0.269748
2025-09-05 15:41:34,202 INFO     Training average current_temperature at step 3700: 1.000000
2025-09-05 15:42:02,931 INFO     Training average positive_sample_loss at step 3800: 0.286292
2025-09-05 15:42:02,932 INFO     Training average negative_sample_loss at step 3800: 0.246411
2025-09-05 15:42:02,932 INFO     Training average loss at step 3800: 0.266351
2025-09-05 15:42:02,932 INFO     Training average current_temperature at step 3800: 1.000000
2025-09-05 15:42:29,013 INFO     Training average positive_sample_loss at step 3900: 0.284797
2025-09-05 15:42:29,013 INFO     Training average negative_sample_loss at step 3900: 0.245786
2025-09-05 15:42:29,013 INFO     Training average loss at step 3900: 0.265291
2025-09-05 15:42:29,013 INFO     Training average current_temperature at step 3900: 1.000000
2025-09-05 15:42:55,732 INFO     Training average positive_sample_loss at step 4000: 0.285334
2025-09-05 15:42:55,732 INFO     Training average negative_sample_loss at step 4000: 0.243526
2025-09-05 15:42:55,732 INFO     Training average loss at step 4000: 0.264430
2025-09-05 15:42:55,732 INFO     Training average current_temperature at step 4000: 1.000000
2025-09-05 15:43:21,782 INFO     Training average positive_sample_loss at step 4100: 0.285976
2025-09-05 15:43:21,782 INFO     Training average negative_sample_loss at step 4100: 0.243464
2025-09-05 15:43:21,782 INFO     Training average loss at step 4100: 0.264720
2025-09-05 15:43:21,782 INFO     Training average current_temperature at step 4100: 1.000000
2025-09-05 15:43:47,813 INFO     Training average positive_sample_loss at step 4200: 0.285491
2025-09-05 15:43:47,813 INFO     Training average negative_sample_loss at step 4200: 0.242669
2025-09-05 15:43:47,818 INFO     Training average loss at step 4200: 0.264080
2025-09-05 15:43:47,818 INFO     Training average current_temperature at step 4200: 1.000000
2025-09-05 15:44:16,480 INFO     Training average positive_sample_loss at step 4300: 0.281118
2025-09-05 15:44:16,480 INFO     Training average negative_sample_loss at step 4300: 0.242181
2025-09-05 15:44:16,480 INFO     Training average loss at step 4300: 0.261650
2025-09-05 15:44:16,480 INFO     Training average current_temperature at step 4300: 1.000000
2025-09-05 15:44:42,493 INFO     Training average positive_sample_loss at step 4400: 0.278257
2025-09-05 15:44:42,493 INFO     Training average negative_sample_loss at step 4400: 0.241626
2025-09-05 15:44:42,493 INFO     Training average loss at step 4400: 0.259942
2025-09-05 15:44:42,493 INFO     Training average current_temperature at step 4400: 1.000000
2025-09-05 15:45:09,057 INFO     Training average positive_sample_loss at step 4500: 0.279466
2025-09-05 15:45:09,057 INFO     Training average negative_sample_loss at step 4500: 0.240944
2025-09-05 15:45:09,057 INFO     Training average loss at step 4500: 0.260205
2025-09-05 15:45:09,057 INFO     Training average current_temperature at step 4500: 1.000000
2025-09-05 15:45:35,063 INFO     Training average positive_sample_loss at step 4600: 0.279338
2025-09-05 15:45:35,063 INFO     Training average negative_sample_loss at step 4600: 0.239702
2025-09-05 15:45:35,063 INFO     Training average loss at step 4600: 0.259520
2025-09-05 15:45:35,063 INFO     Training average current_temperature at step 4600: 1.000000
2025-09-05 15:46:01,115 INFO     Training average positive_sample_loss at step 4700: 0.279876
2025-09-05 15:46:01,115 INFO     Training average negative_sample_loss at step 4700: 0.240279
2025-09-05 15:46:01,115 INFO     Training average loss at step 4700: 0.260078
2025-09-05 15:46:01,115 INFO     Training average current_temperature at step 4700: 1.000000
2025-09-05 15:46:29,620 INFO     Training average positive_sample_loss at step 4800: 0.278723
2025-09-05 15:46:29,621 INFO     Training average negative_sample_loss at step 4800: 0.239661
2025-09-05 15:46:29,621 INFO     Training average loss at step 4800: 0.259192
2025-09-05 15:46:29,621 INFO     Training average current_temperature at step 4800: 1.000000
2025-09-05 15:46:55,741 INFO     Training average positive_sample_loss at step 4900: 0.273094
2025-09-05 15:46:55,741 INFO     Training average negative_sample_loss at step 4900: 0.238379
2025-09-05 15:46:55,742 INFO     Training average loss at step 4900: 0.255736
2025-09-05 15:46:55,742 INFO     Training average current_temperature at step 4900: 1.000000
2025-09-05 15:47:28,498 INFO     Evaluating on Valid Dataset...
2025-09-05 15:47:29,460 INFO     Evaluating the model... (0/2192)
2025-09-05 15:49:38,433 INFO     Evaluating the model... (1000/2192)
2025-09-05 15:51:48,211 INFO     Evaluating the model... (2000/2192)
2025-09-05 15:52:12,446 INFO     Valid MRR at step 4999: 0.260894
2025-09-05 15:52:12,446 INFO     Valid MR at step 4999: 697.512946
2025-09-05 15:52:12,446 INFO     Valid HITS@1 at step 4999: 0.188281
2025-09-05 15:52:12,446 INFO     Valid HITS@3 at step 4999: 0.285572
2025-09-05 15:52:12,446 INFO     Valid HITS@10 at step 4999: 0.405133
2025-09-05 15:52:12,446 INFO     Evaluating on Test Dataset...
2025-09-05 15:52:13,367 INFO     Evaluating the model... (0/2560)
2025-09-05 15:54:23,095 INFO     Evaluating the model... (1000/2560)
2025-09-05 15:56:31,814 INFO     Evaluating the model... (2000/2560)
2025-09-05 15:57:42,102 INFO     Test MRR at step 4999: 0.256839
2025-09-05 15:57:42,102 INFO     Test MR at step 4999: 724.110525
2025-09-05 15:57:42,102 INFO     Test HITS@1 at step 4999: 0.182058
2025-09-05 15:57:42,102 INFO     Test HITS@3 at step 4999: 0.283666
2025-09-05 15:57:42,103 INFO     Test HITS@10 at step 4999: 0.402961
Finished run with 0. Log saved to logs/run_param_0.log